          20          40   34.856719970703125        81.221580505371094                1           4 # Mares et al pres
          12          24   26.628082275390625        73.710517883300781                1           4 # Mares et al pres
           6          12   15.943305015563965        71.321014404296875                1           4 # Mares et al pres
           6          12  -31.978412628173828        41.911998748779297                2           4 # Our prescription
          12          24  -20.073081970214844        90.719192504882812                2           4 # Our prescription
          12          24   19.878145217895508        76.694694519042969                2           4 # Mares et al pres
           6          12   10.686213493347168        73.706024169921875                2           4 # Mares et al pres
          20          40   25.740280151367188        83.245018005371094                2           4 # Mares et al pres
          20          40   15.639879226684570        117.61808013916016                1           4 # Our prescription
          12          24  -3.8012003898620605        101.45072174072266                1           4 # Our prescription
           6          12  -27.904478073120117        59.875667572021484                1           4 # Our prescription
           6          12  -9.7172060012817383        49.617382049560547                1           4 # Our prescription
           6          12  -27.904478073120117        59.875667572021484                1           4 # Our prescription
           6          12   8.9051418304443359        159.44071960449219                1           1
           6          12   127.64086914062500        182.63375854492188                1           2
           6          12   7.3990197181701660        80.117065429687500                1           3
           6          12   8.9051418304443359        159.44071960449219                1           1
           6          12   8.9051418304443359        159.44071960449219                1           1
           6          12   16.504341125488281        72.876640319824219                1           4
           6          12   15.943305015563965        71.321014404296875                1           4
           6          12   16.504341125488281        72.876640319824219                1           4
           6          12  -3.0879442691802979       -9.1052137315273285E-002           1           5
           6          12  -5.0380706787109375       -5.4791137576103210E-002           2           4
           6          12   14.780203819274902        72.251235961914062                1           4
           6          12   16.504341125488281        72.876640319824219                1           4
           6          12   4.7912440299987793        149.65031433105469                2           1
           6          12   99.958763122558594        200.18220520019531                2           5
           6          12   99.958763122558594        200.18220520019531                2           5
           6          12   99.958763122558594        200.18220520019531                2           5
           6          12   99.934608459472656        199.84867858886719                2           5
           6          12   99.934608459472656        199.84867858886719                2           5
           6          12   4.7912440299987793        149.65031433105469                2           1
           6          12   99.934608459472656        199.84867858886719                2           5
           6          12   99.934608459472656        199.84867858886719                2           5
           6          12   99.934608459472656        199.84867858886719                2           5
           6          12   99.934608459472656        199.84867858886719                2           5
           6          12   99.934608459472656        199.84867858886719                2           5
           6          12   99.934600830078125        199.84869384765625                2           5
           6          12   99.934600830078125        199.84869384765625                2           5
           6          12   99.934600830078125        199.84869384765625                2           5
           6          12   99.934600830078125        199.84869384765625                2           5
           6          12   99.934600830078125        199.84869384765625                2           5
           6          12   99.934501647949219        199.84887695312500                2           5
           6          12   99.914093017578125        199.89762878417969                2           5
           6          12   99.914093017578125        199.89762878417969                2           5
           6          12   99.914093017578125        199.89762878417969                2           5
           6          12   99.914093017578125        199.89762878417969                2           5
           6          12   99.914093017578125        199.89762878417969                2           5
           6          12   99.914093017578125        199.89762878417969                2           5
           6          12   99.914093017578125        199.89762878417969                2           5
           6          12   99.914093017578125        199.89762878417969                2           5
           6          12   99.914093017578125        199.89762878417969                2           5
           6          12   99.914093017578125        199.89762878417969                2           5
           6          12   99.934501647949219        199.84887695312500                2           5
           6          12   99.934501647949219        199.84887695312500                2           5
           6          12   49.993446350097656        199.98489379882812                2           5
           6          12   49.993446350097656        199.98489379882812                2           5
           6          12   49.993446350097656        199.98489379882812                2           5
           6          12   49.993385314941406        199.98500061035156                2           5
           6          12   5.7183561325073242        1.0984864234924316                2           5
           6          12   5.7920041084289551        1.0807461738586426                2           5
          12          24   8.6252784729003906        1.0617823600769043                2           5
          20          40   11.575743675231934       0.99218386411666870                2           5
          82         208   6.9449577331542969        1.0825530290603638                2           5
          82         208   15.400300025939941       0.91195988655090332                2           5
           6          12   5.7925491333007812        1.0791561603546143                2           5
           6          12   5.7925491333007812        1.0791561603546143                2           5
          82         208   6.9448351860046387        1.0827444791793823                2           5
          82         208   6.9445214271545410        1.0835261344909668                2           5
          82         208   15.400300025939941       0.91195988655090332                2           5
          82         208   15.400300025939941       0.91195988655090332                2           5
          20          40   11.575607299804688       0.99194502830505371                2           5
          20          40   11.575920104980469       0.99107706546783447                2           5
          12          24   8.6250629425048828        1.0636126995086670                2           5
          16          32   10.682917594909668        1.0097138881683350                2           5
          16          32   10.682917594909668        1.0097138881683350                2           5
          16          32   9.7319974899291992       0.92634618282318115                2           5    # Our pres
          16          32   9.7304162979125977       0.92744225263595581                2           5
          16          32   9.7309188842773438       0.92798072099685669                2           5
          16          32   9.7308883666992188       0.92653650045394897                2           5
           6          12   7.3617391586303711        1.7932139635086060                2           5
          12          24   7.5225644111633301       0.89887815713882446                2           5
          16          32   9.7308883666992188       0.92653650045394897                2           5
          20          40   10.225287437438965       0.83320081233978271                2           5
          82         208   12.347801208496094       0.49075812101364136                2           5
          82         208   15.400767326354980       0.91031247377395630                2           5
          82         208 -0.17243926227092743       -9.0853887377306819E-004           2           5
          82         208   3.6896111965179443       0.62258464097976685                2           5
          82         208   3.6896111965179443       0.62258464097976685                2           5
          82         208   3.6896111965179443       0.62258464097976685                2           5
           6          12  -1.5563949346542358       0.20446969568729401                2           5
           6          12  -1.5556341409683228       0.20502287149429321                2           5
           6          12 -0.41386374831199646        7.2951018810272217E-002           2           5
           6          12 -0.13553610444068909        4.3891075998544693E-002           2           5
          12          24   4.5619901269674301E-002  0.17232854664325714                2           5
          12          24  0.77709776163101196        53.813686370849609                2           5
          12          24  -12.173478126525879        5.9948358535766602                2           5
          12          24  0.77678209543228149        53.811851501464844                2           5
          12          24   1.4096263647079468        6.7675650119781494E-002           2           5
          12          24  0.77712875604629517        53.811408996582031                2           5
          12          24   26.628625869750977        73.706428527832031                1           4 # Mares pres
           6          12   15.944194793701172        71.315536499023438                1           4
          16          32   31.376834869384766        79.985824584960938                1           4
          20          40   34.856708526611328        81.221527099609375                1           4
          20          40   25.740438461303711        83.246620178222656                2           4
          82         208   37.661045074462891        73.513175964355469                1           4
          82         208   36.239006042480469        85.146224975585938                2           4
           6          12   10.687541007995605        73.693161010742188                2           4
          12          24   19.878622055053711        76.695892333984375                2           4
          16          32   23.310697555541992        82.193634033203125                2           4
           6          12   15.184501647949219        70.984001159667969                1           4 # Ours pres
           6          12   15.184501647949219        70.984001159667969                1           4
           6          12   9.1467046737670898        77.211814880371094                2           4
          12          24   20.903070449829102        66.960464477539062                1           4
          12          24   19.359617233276367        73.212471008300781                2           4
          16          32   20.679363250732422        71.182800292968750                1           4
          16          32   22.291254043579102        80.493064880371094                2           4
          20          40   19.455381393432617        68.760169982910156                1           4
          20          40   24.499618530273438        81.388412475585938                2           4
          82         208   14.460021972656250        48.188827514648438                1           4
          82         208   35.086082458496094        85.635711669921875                2           4
          82         208   35.086082458496094        85.635711669921875                2           4
          82         208   14.460021972656250        48.188827514648438                1           4
           6          12   9.0841226577758789        77.226867675781250                2           4   1396.2585449218750     
           6          12   15.203194618225098        70.994392395019531                1           4   1383.3068847656250     
          82         208   9.4978898763656616E-002   55.624973297119141                2           5   1549.9938964843750     
          82         208   9.4978898763656616E-002   55.624973297119141                2           5   1549.9938964843750     
           6          12  -5.3908758163452148        47.918029785156250                2           5   1549.9938964843750     
           6          12  -5.3908758163452148        47.918029785156250                2           5   1549.9938964843750     
           6          12  -5.3918437957763672        47.916004180908203                2           5   1549.9938964843750     
           6          12 -0.44065666198730469       -9.1458916664123535E-002           2           5   1549.9938964843750     

# New calculations for etas           
           6          12   4.9028878211975098        1.0802367925643921                2           5   1453.5228729248047     # Mares pres
           6          12   1.7345780134201050        1.4928284883499146                2           5   1457.5191497802734     
          12          24   8.7422151565551758        1.0907472372055054                2           5   1458.2584381103516     
          12          24   4.9943466186523438        1.6533102989196777                2           5   1461.9762420654297     
          16          32   11.219038963317871       0.96478235721588135                2           5   1455.6888580322266     
          16          32   7.0739336013793945        2.1185514926910400                2           5   1459.6828460693359     
          16          32   7.0739336013793945        2.1185514926910400                2           5   1459.6828460693359     
          20          40   12.537542343139648        1.1215300559997559                2           5   1454.8709869384766     
          20          40   8.2135858535766602        2.1398963928222656                2           5   1458.9527130126953     
          82         208   18.374940872192383       0.86271560192108154                2           5   1453.5449981689453     
          82         208   13.858802795410156        2.3443541526794434                2           5   1457.4840545654297     
          82         208   13.858802795410156        2.3443541526794434                2           5   1457.4840545654297     
           6          12   6.2192997932434082        1.7919143438339233                2           5   1457.4367523193359    # Our pres 
           6          12   6.1476516723632812        1.7431619167327881                2           5   1457.4748992919922     
           6          12   2.6485428810119629        2.2675802707672119                2           5   1461.9594573974609     
          12          24   7.1237616539001465       0.84352403879165649                2           5   1459.0969085693359     
          12          24   3.9614677429199219        1.5704556703567505                2           5   1462.5232696533203     
          16          32   9.6977405548095703       0.83179569244384766                2           5   1457.9303741455078     
          16          32   6.0180497169494629        1.8270328044891357                2           5   1461.7679595947266     
          20          40   10.418744087219238       0.77780300378799438                2           5   1456.6875457763672     
          20          40   6.7353992462158203        1.8970134258270264                2           5   1460.4846954345703     
          82         208   14.113512039184570       0.35538902878761292                2           5   1455.2356719970703     
          82         208   10.645204544067383        1.8643088340759277                2           5   1458.6017608642578     
           6          12   15.922122001647949        71.283325195312500                1           4   1385.0154876708984     
           6          12   15.074775695800781        68.347984313964844                1           4   1374.4220733642578     
           6          12   14.828101158142090        75.243057250976562                1           4   1391.2448883056641     
           6          12   15.556582450866699        73.888519287109375                1           4   1389.5877838134766     
          16          32   30.003778457641602        80.213531494140625                1           4   1382.9845428466797     
# New set of calculations for kaons
           6          12   15.554974555969238        73.992393493652344                1           4   1389.5900726318359   # Our pres
           6          12   9.9021072387695312        76.776313781738281                2           4   1395.4189300537109     
          12          24   25.885406494140625        72.206192016601562                1           4   1386.3910675048828     
          12          24   19.155740737915039        73.301147460937500                2           4   1393.2437896728516     
          16          32   30.003778457641602        80.213531494140625                1           4   1382.9845428466797     
          16          32   22.261762619018555        80.608001708984375                2           4   1390.8306121826172     
          20          40   33.151973724365234        82.151840209960938                1           4   1379.4765472412109     
          20          40   24.440914154052734        81.375282287597656                2           4   1388.2602691650391     
          20          40   33.151973724365234        82.151840209960938                1           4   1379.4765472412109     
          82         208   31.539485931396484        69.771942138671875                1           4   1378.6128997802734     
          82         208   35.229068756103516        85.442260742187500                2           4   1382.5176239013672     
          82         208   31.539485931396484        69.771942138671875                1           4   1378.6128997802734     
          82         208   31.533109664916992        67.361000061035156                1           4   1378.5968780517578     
          82         208   31.493534088134766        66.539169311523438                1           4   1378.6174774169922     
          82         208   31.541175842285156        66.724082946777344                1           4   1378.5854339599609     
           6          12   15.534071922302246        73.937248229980469                1           4   1389.6038055419922     
          14          28   27.947351455688477        80.236976623535156                1           4   1382.1872711181641     
           5          10   10.621357917785645        67.484092712402344                1           4   1395.2114105224609     
           
# New calcs. for etas computing all nuclei in a row. Our pres. FREE
           8          16   7.1317224502563477        1.3899863958358765                2           5   1456.0947418212891   # Our pres 
           5          10   3.8065412044525146        1.2586504220962524                2           5   1460.1787567138672     
           5          10   3.8065412044525146        1.2586504220962524                2           5   1460.1787567138672     
           6          12   5.7606396675109863        1.6129783391952515                2           5   1456.7745208740234     
           8          16   7.1317224502563477        1.3899863958358765                2           5   1456.0947418212891     
          12          24   6.9325923919677734       0.98124569654464722                2           5   1459.6515655517578     
          14          28   9.2319974899291992       0.94139611721038818                2           5   1456.8447113037109     
          16          32   9.4718303680419922       0.80113226175308228                2           5   1458.4850311279297     
          20          40   10.272792816162109       0.71858745813369751                2           5   1457.1147918701172     
          82         208   14.001834869384766       0.28040203452110291                2           5   1455.7590484619141     
          82         208   14.001834869384766       0.28040203452110291                2           5   1455.7590484619141     

# New calcs. for etas computing all nuclei in a row. Our pres. IN-MEDIUM
           5          10  0.58262193202972412        1.2060014009475708                2           5   1461.6985321044922     
           6          12   1.7345780134201050        1.4928284883499146                2           5   1457.5191497802734     
           8          16   3.0113449096679688        1.5295587778091431                2           5   1457.0590972900391     
          12          24   4.9943466186523438        1.6533102989196777                2           5   1461.9762420654297     
          14          28   6.4994516372680664        2.0001986026763916                2           5   1458.6742401123047     
          16          32   7.0739336013793945        2.1185514926910400                2           5   1459.6828460693359     
          20          40   8.2135858535766602        2.1398963928222656                2           5   1458.9527130126953     
          82         208   13.858802795410156        2.3443541526794434                2           5   1457.4840545654297     
          82         208   13.858802795410156        2.3443541526794434                2           5   1457.4840545654297     
          82         208   13.944871902465820        2.4554214477539062                2           5   1457.4329376220703     
           
# New calcs. for etas computing all nuclei in a row. Mares pres. FREE
