1.350000000000000000e+03 -9.801411952654583148e-02 -6.080280064931782580e-02 -4.015132826855909859e-02 -1.957602623390097829e-02
1.351000000000000000e+03 -9.794431953109242195e-02 -6.070033905162958848e-02 -4.012171709449970786e-02 -1.959549830990169744e-02
1.352000000000000000e+03 -9.787125950452095491e-02 -6.055254323499902058e-02 -4.013152820607925747e-02 -1.964603601772875463e-02
1.353000000000000000e+03 -9.771304125814507524e-02 -6.065383706326103741e-02 -4.019180731148921243e-02 -1.969723856014961305e-02
1.354000000000000000e+03 -9.752870522769703510e-02 -6.109545458884511199e-02 -4.022961336943295385e-02 -1.976810826731565524e-02
1.355000000000000000e+03 -9.740625997305064898e-02 -6.165777676690913783e-02 -4.020046562716402677e-02 -1.987015619503603933e-02
1.356000000000000000e+03 -9.730960168854496661e-02 -6.204171282795335751e-02 -4.016296662672855927e-02 -1.997755394218416261e-02
1.357000000000000000e+03 -9.726289098347148943e-02 -6.228734686488863331e-02 -4.013631679654746515e-02 -2.011343800487438299e-02
1.358000000000000000e+03 -9.720232224949450217e-02 -6.268080426815077211e-02 -4.016653746871936409e-02 -2.029684329541505891e-02
1.359000000000000000e+03 -9.710315071758328365e-02 -6.337172675136643063e-02 -4.020840316653754437e-02 -2.049800558426506658e-02
1.360000000000000000e+03 -9.698835213539667988e-02 -6.431563555135627608e-02 -4.018413047872387150e-02 -2.069133233165908192e-02
1.361000000000000000e+03 -9.690444212369962729e-02 -6.516733168740218574e-02 -4.014606574716808596e-02 -2.090487269065494091e-02
1.362000000000000000e+03 -9.665317340132051349e-02 -6.589150140665608890e-02 -4.010168403705244300e-02 -2.113637292749314875e-02
1.363000000000000000e+03 -9.647162691878008456e-02 -6.651683692109915114e-02 -4.010908715383133122e-02 -2.140549055811886286e-02
1.364000000000000000e+03 -9.631377829094749099e-02 -6.737439596164326860e-02 -4.011892069174245734e-02 -2.171281978085497222e-02
1.365000000000000000e+03 -9.609449883117358870e-02 -6.863432732432800387e-02 -4.008481207304278454e-02 -2.200514384641608090e-02
1.366000000000000000e+03 -9.588813149864237884e-02 -6.986516616581921191e-02 -4.004334752020064642e-02 -2.230710053954778477e-02
1.367000000000000000e+03 -9.564421805736067483e-02 -7.084352633475159144e-02 -3.999991811705479183e-02 -2.260287290957314899e-02
1.368000000000000000e+03 -9.516052793786736186e-02 -7.163404205244872092e-02 -3.994952009363592765e-02 -2.295807373538326715e-02
1.369000000000000000e+03 -9.461124254632662101e-02 -7.274518152206038701e-02 -3.992114566799159769e-02 -2.332674764094029227e-02
1.370000000000000000e+03 -9.427960673985330553e-02 -7.430741127395686096e-02 -3.986172765805786472e-02 -2.369318559291549303e-02
1.371000000000000000e+03 -9.398643118897977156e-02 -7.557396894859622072e-02 -3.980012460597810720e-02 -2.403705245269062776e-02
1.372000000000000000e+03 -9.349443382791455814e-02 -7.640941564827778698e-02 -3.972063489911353829e-02 -2.442765581050512433e-02
1.373000000000000000e+03 -9.265522928159572458e-02 -7.756539007711864275e-02 -3.964597429367536924e-02 -2.482702682773917091e-02
1.374000000000000000e+03 -9.209044818852962777e-02 -7.905449565986717719e-02 -3.957075537165068158e-02 -2.522160416258286894e-02
1.375000000000000000e+03 -9.177272261475445669e-02 -8.048082498619935077e-02 -3.948387295566142124e-02 -2.560586866535272121e-02
1.376000000000000000e+03 -9.099995661712546868e-02 -8.163778481686864708e-02 -3.936233473450697490e-02 -2.601761094477460581e-02
1.377000000000000000e+03 -8.994639154939894354e-02 -8.281428719958860984e-02 -3.926580667488203252e-02 -2.640016409724738403e-02
1.378000000000000000e+03 -8.925475244382474749e-02 -8.432156080546755750e-02 -3.915075020332293987e-02 -2.679673385224089557e-02
1.379000000000000000e+03 -8.855868815936798755e-02 -8.572601923352343722e-02 -3.902608074995700393e-02 -2.720750696231993490e-02
1.380000000000000000e+03 -8.747946959920412102e-02 -8.674365771707209793e-02 -3.888550764418027134e-02 -2.758104932028836165e-02
1.381000000000000000e+03 -8.658817698345271097e-02 -8.797857485815283041e-02 -3.874892465600163205e-02 -2.795879087514533540e-02
1.382000000000000000e+03 -8.574502068011781442e-02 -8.937781480303891302e-02 -3.861013561120452825e-02 -2.835584028039446827e-02
1.383000000000000000e+03 -8.464438454920809873e-02 -9.037985158633535243e-02 -3.844722359038307835e-02 -2.871822531819667387e-02
1.384000000000000000e+03 -8.382327661916907924e-02 -9.151217203764704100e-02 -3.826861907947418096e-02 -2.908608105127066801e-02
1.385000000000000000e+03 -8.269680074596143238e-02 -9.279517528222161471e-02 -3.810124752740218917e-02 -2.946177123213673463e-02
1.386000000000000000e+03 -8.151667635731847661e-02 -9.386994235871481962e-02 -3.790976045281890111e-02 -2.983993800482153541e-02
1.387000000000000000e+03 -8.057488619659337881e-02 -9.481235670070906063e-02 -3.771927272237962647e-02 -3.018626468836361348e-02
1.388000000000000000e+03 -7.944234954116743963e-02 -9.585190523574804722e-02 -3.750824496679441150e-02 -3.050712592092661921e-02
1.389000000000000000e+03 -7.828477273622617971e-02 -9.671556101780924564e-02 -3.730208417440369212e-02 -3.082931778168796280e-02
1.390000000000000000e+03 -7.712770433168947282e-02 -9.783778042551238840e-02 -3.709648492148181348e-02 -3.115819080250727471e-02
1.391000000000000000e+03 -7.587720624040839024e-02 -9.884102592904130125e-02 -3.689219293492831259e-02 -3.146454016454571651e-02
1.392000000000000000e+03 -7.488051696321766648e-02 -9.919620979043872189e-02 -3.667065234743688285e-02 -3.176054044054950343e-02
1.393000000000000000e+03 -7.385764078310101677e-02 -1.000819482115530706e-01 -3.641944919940550557e-02 -3.210192323843830825e-02
1.394000000000000000e+03 -7.246286680350094711e-02 -1.008755887140889151e-01 -3.618831774869397250e-02 -3.235561824359942801e-02
1.395000000000000000e+03 -7.131671714893932090e-02 -1.012722370311736758e-01 -3.595355420314447908e-02 -3.262043738376371044e-02
1.396000000000000000e+03 -7.019050384552345812e-02 -1.018890049153249044e-01 -3.567508110570882102e-02 -3.292496916218001779e-02
1.397000000000000000e+03 -6.845129605387434424e-02 -1.022800078962798065e-01 -3.543618187104264489e-02 -3.313440783721486455e-02
1.398000000000000000e+03 -6.758994920280289587e-02 -1.026969663151346690e-01 -3.518985997001829180e-02 -3.339395873911435442e-02
1.399000000000000000e+03 -6.636406762996169273e-02 -1.030253817803477440e-01 -3.485495863709775488e-02 -3.365991698010549482e-02
1.400000000000000000e+03 -6.457794175878812937e-02 -1.034810901344777878e-01 -3.455466449319040401e-02 -3.383562032619808618e-02
1.401000000000000000e+03 -6.368958279195337246e-02 -1.039393293109309169e-01 -3.428425832442723309e-02 -3.409228613292110410e-02
1.402000000000000000e+03 -6.187265145460782434e-02 -1.043603352510685534e-01 -3.405293474994923464e-02 -3.425083551140047783e-02
1.403000000000000000e+03 -6.047365502839371909e-02 -1.050187531903170740e-01 -3.370093730730881754e-02 -3.450774812524809443e-02
1.404000000000000000e+03 -5.955365431426216244e-02 -1.053304877425825931e-01 -3.342769721705932118e-02 -3.472283018640900248e-02
1.405000000000000000e+03 -5.772322516047696112e-02 -1.054879909453549092e-01 -3.315094177514467388e-02 -3.486448637962317326e-02
1.406000000000000000e+03 -5.638249908519841341e-02 -1.060387357979979961e-01 -3.282429503865803844e-02 -3.510383217550359231e-02
1.407000000000000000e+03 -5.505078544397271761e-02 -1.060218938814665862e-01 -3.255245035173670587e-02 -3.528068329584556351e-02
1.408000000000000000e+03 -5.340846638981179562e-02 -1.062738759583326670e-01 -3.228427118989028038e-02 -3.541838087028684190e-02
1.409000000000000000e+03 -5.211178797182654948e-02 -1.067166587666487643e-01 -3.197028226268334300e-02 -3.563248198913301218e-02
1.410000000000000000e+03 -5.092231937952375331e-02 -1.063728236651121650e-01 -3.167153406302171403e-02 -3.579220795143805284e-02
1.411000000000000000e+03 -4.950197722724916649e-02 -1.064924867536018449e-01 -3.139063146925932107e-02 -3.594246623285451275e-02
1.412000000000000000e+03 -4.814818068792629802e-02 -1.067352572973606778e-01 -3.112397334985864822e-02 -3.610777781940077008e-02
1.413000000000000000e+03 -4.678009002613845585e-02 -1.066736911662360260e-01 -3.084408965005839762e-02 -3.625303450349023904e-02
1.414000000000000000e+03 -4.541526345805106668e-02 -1.067014923862750625e-01 -3.054858903019433067e-02 -3.637753942467494145e-02
1.415000000000000000e+03 -4.426453191604280690e-02 -1.065407792180791402e-01 -3.026590915611180460e-02 -3.649897639376371156e-02
1.416000000000000000e+03 -4.288469332297260850e-02 -1.064131546293627939e-01 -2.997368488595253747e-02 -3.664144547795377543e-02
1.417000000000000000e+03 -4.149112571363314933e-02 -1.064625731908745848e-01 -2.970098522048995188e-02 -3.678221588037484252e-02
1.418000000000000000e+03 -4.041505992234390582e-02 -1.063421576903050142e-01 -2.940870931802314764e-02 -3.690675878497876039e-02
1.419000000000000000e+03 -3.906272066691657968e-02 -1.059795297567908412e-01 -2.911979465414233498e-02 -3.700552048716154036e-02
1.420000000000000000e+03 -3.795220101996456263e-02 -1.059549716994720725e-01 -2.884775972330467717e-02 -3.712737169618234717e-02
1.421000000000000000e+03 -3.681433413364554319e-02 -1.057679652753521771e-01 -2.857351225539917980e-02 -3.722868130675405229e-02
1.422000000000000000e+03 -3.542066049729011151e-02 -1.052558964126321661e-01 -2.828894690289815786e-02 -3.730983684472755080e-02
1.423000000000000000e+03 -3.437076710526531381e-02 -1.050423475054983735e-01 -2.801065685373550079e-02 -3.741422595150768748e-02
1.424000000000000000e+03 -3.337080867219314323e-02 -1.049850725168905291e-01 -2.772864092433793490e-02 -3.749836888245491190e-02
1.425000000000000000e+03 -3.192587524066910903e-02 -1.046202719995124736e-01 -2.746850651699227902e-02 -3.756846705848195661e-02
1.426000000000000000e+03 -3.061353845470291338e-02 -1.041460403243993638e-01 -2.716921468605901224e-02 -3.766280930424555778e-02
1.427000000000000000e+03 -2.978274583092064068e-02 -1.039253281435225940e-01 -2.691353571041402507e-02 -3.772423718991241293e-02
1.428000000000000000e+03 -2.877326534435450597e-02 -1.038598181341809507e-01 -2.665983307050668119e-02 -3.778931183837355018e-02
1.429000000000000000e+03 -2.740599794937635322e-02 -1.035226761811217644e-01 -2.638035224568540532e-02 -3.787560419963707792e-02
1.430000000000000000e+03 -2.628199883676775317e-02 -1.027518499527060175e-01 -2.608519609476967968e-02 -3.796224594702498484e-02
1.431000000000000000e+03 -2.535638984618840061e-02 -1.023045128313799373e-01 -2.583073562988574476e-02 -3.799906897298710451e-02
1.432000000000000000e+03 -2.443833690982318702e-02 -1.022542210157677128e-01 -2.558974508637029341e-02 -3.805359659903508746e-02
1.433000000000000000e+03 -2.329262091091514192e-02 -1.018651484819193404e-01 -2.531931760718950097e-02 -3.812629655458608241e-02
1.434000000000000000e+03 -2.211059686843414376e-02 -1.010949355156961493e-01 -2.501450631224888879e-02 -3.820760936773876654e-02
1.435000000000000000e+03 -2.109947366151176951e-02 -1.004181631767566141e-01 -2.475597554725125771e-02 -3.823712276129575399e-02
1.436000000000000000e+03 -2.012596677270155066e-02 -1.000266159141808137e-01 -2.450568613559494027e-02 -3.827038863604607238e-02
1.437000000000000000e+03 -1.913967889035968206e-02 -9.979944020441602892e-02 -2.426433522559543268e-02 -3.829941061775529038e-02
1.438000000000000000e+03 -1.823753591397829152e-02 -9.923527791769530537e-02 -2.397415564302981389e-02 -3.837509278661022094e-02
1.439000000000000000e+03 -1.730562033001103311e-02 -9.841764506679258340e-02 -2.367397049911385346e-02 -3.841748293777470097e-02
1.440000000000000000e+03 -1.624024953567126950e-02 -9.766951336716316046e-02 -2.342345153549638473e-02 -3.843606307543923767e-02
1.441000000000000000e+03 -1.531910641836376971e-02 -9.709185356781424581e-02 -2.318048625278963659e-02 -3.846107098792975187e-02
1.442000000000000000e+03 -1.438757258712937762e-02 -9.669240854432339938e-02 -2.293742514534672858e-02 -3.847505457675911428e-02
1.443000000000000000e+03 -1.356864577643758160e-02 -9.610060868303320347e-02 -2.263944292837955299e-02 -3.850699695186757948e-02
1.444000000000000000e+03 -1.272482457216497775e-02 -9.528971839785571607e-02 -2.234441135252798055e-02 -3.853592984370356883e-02
1.445000000000000000e+03 -1.187209160311146136e-02 -9.438090378381679135e-02 -2.208833139908170790e-02 -3.854299932387608707e-02
1.446000000000000000e+03 -1.105701784054516010e-02 -9.360497963308590796e-02 -2.184307559847360053e-02 -3.854260165042704828e-02
1.447000000000000000e+03 -1.023601762154764845e-02 -9.302914614176770181e-02 -2.161076683258447359e-02 -3.854415891388875137e-02
1.448000000000000000e+03 -9.521540090458104760e-03 -9.239811295278124725e-02 -2.132658496731677442e-02 -3.853487959373247396e-02
1.449000000000000000e+03 -8.835501314644549076e-03 -9.155480158851295180e-02 -2.103253472549137040e-02 -3.852900973708260624e-02
1.450000000000000000e+03 -8.140760199076108386e-03 -9.060832274129128339e-02 -2.077353748501119257e-02 -3.851899197741290304e-02
1.451000000000000000e+03 -7.499055735365489118e-03 -8.973182255100621563e-02 -2.052924603710958723e-02 -3.850940399662326069e-02
1.452000000000000000e+03 -6.860855083382548167e-03 -8.898467757723073357e-02 -2.030030096151854563e-02 -3.848376379064331887e-02
1.453000000000000000e+03 -6.250725830582689810e-03 -8.827876244886817547e-02 -2.004232666968515375e-02 -3.843929337137553387e-02
1.454000000000000000e+03 -5.697782515332610112e-03 -8.744264468752617481e-02 -1.976638001508747300e-02 -3.841114810354927939e-02
1.455000000000000000e+03 -5.179809769454352293e-03 -8.650815966850411431e-02 -1.950862585230372231e-02 -3.837566143818636755e-02
1.456000000000000000e+03 -4.722019883288063394e-03 -8.560979703781868011e-02 -1.926663161677842975e-02 -3.832946416279747748e-02
1.457000000000000000e+03 -4.267408101370973560e-03 -8.480135434938956829e-02 -1.903771103499979356e-02 -3.828978733039430787e-02
1.458000000000000000e+03 -3.829274165117048205e-03 -8.404079289039903533e-02 -1.880522988366228193e-02 -3.824165897142556975e-02
1.459000000000000000e+03 -3.431190814833997346e-03 -8.321429577143574230e-02 -1.855649896108688829e-02 -3.817706160240954411e-02
1.460000000000000000e+03 -3.074884695981692801e-03 -8.231008827437216735e-02 -1.831136426755696281e-02 -3.811149561774488520e-02
1.461000000000000000e+03 -2.765797197108689574e-03 -8.144773176023412109e-02 -1.808092327432446467e-02 -3.804893931533130658e-02
1.462000000000000000e+03 -2.468738248623885637e-03 -8.064579329155220633e-02 -1.785680089929138695e-02 -3.799038202781245682e-02
1.463000000000000000e+03 -2.180522989132622873e-03 -7.986318285293057817e-02 -1.763896537834643702e-02 -3.791664104724760259e-02
1.464000000000000000e+03 -1.936483307942859491e-03 -7.906788656100853518e-02 -1.741899696378014853e-02 -3.783244062318102952e-02
1.465000000000000000e+03 -1.736669417482338993e-03 -7.824419245059578698e-02 -1.719723669862483276e-02 -3.776216661725859125e-02
1.466000000000000000e+03 -1.548995795778064814e-03 -7.745067343587251629e-02 -1.698184938394634025e-02 -3.767941018450308294e-02
1.467000000000000000e+03 -1.381711041606119685e-03 -7.669258894489326683e-02 -1.677424196628448869e-02 -3.759008485861576460e-02
1.468000000000000000e+03 -1.236640021798976908e-03 -7.595661661468446069e-02 -1.657174690455839525e-02 -3.750121992268686671e-02
1.469000000000000000e+03 -1.126242645443665700e-03 -7.522627052030557426e-02 -1.637311589662835895e-02 -3.741576107383844801e-02
1.470000000000000000e+03 -1.042822050711306571e-03 -7.449695686153999519e-02 -1.617777237633019616e-02 -3.732554998743026903e-02
1.471000000000000000e+03 -9.591216218603954881e-04 -7.378227584794290472e-02 -1.598436243417625593e-02 -3.722702007465477497e-02
1.472000000000000000e+03 -8.910527267060802193e-04 -7.309475624021675999e-02 -1.579796239619552650e-02 -3.712596473877351200e-02
1.473000000000000000e+03 -8.506278743758278853e-04 -7.243179188337119101e-02 -1.561649733846072301e-02 -3.702711857359396175e-02
1.474000000000000000e+03 -8.198177363443936907e-04 -7.178240111263017864e-02 -1.543752067350477770e-02 -3.693014716452159424e-02
1.475000000000000000e+03 -7.965071778173845240e-04 -7.114341362227345755e-02 -1.526004253508068606e-02 -3.682538456452986997e-02
1.476000000000000000e+03 -7.922455704865753127e-04 -7.052452396506088406e-02 -1.509064632761006504e-02 -3.672038300395912003e-02
1.477000000000000000e+03 -7.948686740669553630e-04 -6.992056234650341484e-02 -1.492672091180863303e-02 -3.661757040673464109e-02
1.478000000000000000e+03 -8.034545153083027516e-04 -6.934176056492813434e-02 -1.476306826180861197e-02 -3.651563193165359433e-02
1.479000000000000000e+03 -8.260408171497802404e-04 -6.877097534563389458e-02 -1.460278716585914661e-02 -3.640564126357457436e-02
1.480000000000000000e+03 -8.584617741109123405e-04 -6.821384397186627813e-02 -1.444837026884074511e-02 -3.629504516275720849e-02
1.481000000000000000e+03 -8.921952262391026796e-04 -6.767495907465279070e-02 -1.429864367100939192e-02 -3.618873149888117424e-02
1.482000000000000000e+03 -9.324055622881419116e-04 -6.714767868777528348e-02 -1.415094464293538933e-02 -3.608418236968101434e-02
1.483000000000000000e+03 -9.805742379202459034e-04 -6.663439934405077092e-02 -1.400781209595147736e-02 -3.596971732059377203e-02
1.484000000000000000e+03 -1.032093064361571614e-03 -6.613527222547753437e-02 -1.386825345621316499e-02 -3.585740980290382657e-02
1.485000000000000000e+03 -1.090980179778468879e-03 -6.564895509520968231e-02 -1.373206198950481516e-02 -3.575162089832009671e-02
1.486000000000000000e+03 -1.152930802606905560e-03 -6.517652489375065639e-02 -1.360154121042359346e-02 -3.564494681940168913e-02
1.487000000000000000e+03 -1.221061435148650034e-03 -6.472201225268914282e-02 -1.347351187934617278e-02 -3.553061106171422762e-02
1.488000000000000000e+03 -1.287759436978694414e-03 -6.427407041004487565e-02 -1.334755208525952030e-02 -3.541451124022187286e-02
1.489000000000000000e+03 -1.360626949513927750e-03 -6.383863631324056265e-02 -1.322429279098968034e-02 -3.530718912721776681e-02
1.490000000000000000e+03 -1.436721776863337944e-03 -6.341611065118907264e-02 -1.310841662902752572e-02 -3.519809502314223681e-02
1.491000000000000000e+03 -1.513145649318220314e-03 -6.300597026727086658e-02 -1.299398314309160342e-02 -3.509141546554583879e-02
1.492000000000000000e+03 -1.590377381430005226e-03 -6.260405648741632079e-02 -1.288331977858772799e-02 -3.498159164249715208e-02
1.493000000000000000e+03 -1.670888553426343529e-03 -6.221067546757384076e-02 -1.277351713872109523e-02 -3.487131828078021689e-02
1.494000000000000000e+03 -1.753035815935869010e-03 -6.182795796328714039e-02 -1.266761800625049172e-02 -3.476219680193242539e-02
1.495000000000000000e+03 -1.831072429206218521e-03 -6.145905686577338156e-02 -1.256642807954175788e-02 -3.465283980848121725e-02
1.496000000000000000e+03 -1.914431008693601903e-03 -6.109798133686394905e-02 -1.246818397109609490e-02 -3.454454282304271484e-02
1.497000000000000000e+03 -1.996481250911462651e-03 -6.074496733698795531e-02 -1.237187404424798867e-02 -3.443891610814445170e-02
1.498000000000000000e+03 -2.080137289471025840e-03 -6.040120023775025215e-02 -1.227788205821208657e-02 -3.433302706332986426e-02
1.499000000000000000e+03 -2.163510614092047611e-03 -6.006873418386058511e-02 -1.218700098919317867e-02 -3.422591213319036568e-02
1.500000000000000000e+03 -2.247613590479090404e-03 -5.974458594814039541e-02 -1.210037731399484819e-02 -3.412078851881738401e-02
1.501000000000000000e+03 -2.326790167069772101e-03 -5.942291752814285455e-02 -1.201650617416412554e-02 -3.401660654979497128e-02
1.502000000000000000e+03 -2.408952072790686467e-03 -5.910853551517652321e-02 -1.193417216996069639e-02 -3.391516128403948560e-02
1.503000000000000000e+03 -2.488955453390748283e-03 -5.880613704266179909e-02 -1.185401379006575072e-02 -3.380920574893074571e-02
1.504000000000000000e+03 -2.567355833144245331e-03 -5.850857587469630167e-02 -1.177419925614590565e-02 -3.370728082138681192e-02
1.505000000000000000e+03 -2.644925838918448392e-03 -5.821706708708640488e-02 -1.169913203167807780e-02 -3.360851047614127340e-02
1.506000000000000000e+03 -2.721909967448173009e-03 -5.793070053063478081e-02 -1.162787505881886924e-02 -3.350942621900204754e-02
1.507000000000000000e+03 -2.797317784798624210e-03 -5.765077042234201254e-02 -1.155643895318306420e-02 -3.341377616416592311e-02
1.508000000000000000e+03 -2.872395847133783504e-03 -5.737692903386099746e-02 -1.148590099797687156e-02 -3.331512909518550419e-02
1.509000000000000000e+03 -2.951522408683629299e-03 -5.711119117362874198e-02 -1.141803670162883262e-02 -3.321902236315341095e-02
1.510000000000000000e+03 -3.027185909434496839e-03 -5.685060984058952493e-02 -1.135158742755572846e-02 -3.312319186878422833e-02
1.511000000000000000e+03 -3.102441956768687767e-03 -5.659258136900203323e-02 -1.128852631551968341e-02 -3.303259515148097153e-02
1.512000000000000000e+03 -3.177851568383357073e-03 -5.633921478029783186e-02 -1.122628440509154668e-02 -3.294500589432712567e-02
1.513000000000000000e+03 -3.253255960719222094e-03 -5.609154590150074171e-02 -1.116612703651759589e-02 -3.285560765000899996e-02
1.514000000000000000e+03 -3.329658313956119879e-03 -5.585102701061794850e-02 -1.110783261333133688e-02 -3.276294258901821244e-02
1.515000000000000000e+03 -3.406164775351870969e-03 -5.561431654308569839e-02 -1.105040068267995612e-02 -3.267398882985516478e-02
1.516000000000000000e+03 -3.481308745128675573e-03 -5.538216972610326277e-02 -1.099310540426856435e-02 -3.258709455540149263e-02
1.517000000000000000e+03 -3.556992366868839701e-03 -5.515430539975597901e-02 -1.093862603761545232e-02 -3.250147974176358784e-02
1.518000000000000000e+03 -3.632272951768453738e-03 -5.493022717465916721e-02 -1.088645940886207378e-02 -3.241514988846037892e-02
1.519000000000000000e+03 -3.707507772648130015e-03 -5.471077246007675920e-02 -1.083477071601160815e-02 -3.233415254945141287e-02
1.520000000000000000e+03 -3.782955958433497235e-03 -5.449619366244241175e-02 -1.078437601082235693e-02 -3.225374420531423869e-02
1.521000000000000000e+03 -3.857829905321669747e-03 -5.428528661937208344e-02 -1.073561273263322347e-02 -3.216882216783005510e-02
1.522000000000000000e+03 -3.931670993864423876e-03 -5.407927719817284817e-02 -1.068709061087878137e-02 -3.208571111723981795e-02
1.523000000000000000e+03 -4.004229698979120886e-03 -5.387681628791519961e-02 -1.063980074111545160e-02 -3.200594166794006740e-02
1.524000000000000000e+03 -4.076450978808847034e-03 -5.367742251110494550e-02 -1.059293122581876807e-02 -3.192943673143924799e-02
1.525000000000000000e+03 -4.147714301757894975e-03 -5.348267792531721104e-02 -1.055060014852153560e-02 -3.185413058774335532e-02
1.526000000000000000e+03 -4.217446784634659891e-03 -5.329023773196447239e-02 -1.050938215734027736e-02 -3.177705427844130376e-02
1.527000000000000000e+03 -4.286109975115201878e-03 -5.310148667245354059e-02 -1.046604401493866909e-02 -3.169998679928853758e-02
1.528000000000000000e+03 -4.352939667052143670e-03 -5.291568324525965789e-02 -1.042293702578942285e-02 -3.162501874385045125e-02
1.529000000000000000e+03 -4.418183906759481742e-03 -5.273347545251655388e-02 -1.038241101856982214e-02 -3.155270370811322916e-02
1.530000000000000000e+03 -4.480132134691698284e-03 -5.255464266955953145e-02 -1.034451341168393310e-02 -3.147984564933194868e-02
1.531000000000000000e+03 -4.541204313543631237e-03 -5.237896890346493278e-02 -1.030667458602406786e-02 -3.140836454742356593e-02
1.532000000000000000e+03 -4.601988030709739004e-03 -5.220587803896941520e-02 -1.026920457393457921e-02 -3.133851453359656758e-02
1.533000000000000000e+03 -4.659426634453416385e-03 -5.203504911201790872e-02 -1.023076976796804399e-02 -3.126756231257155072e-02
1.534000000000000000e+03 -4.713435677034546675e-03 -5.186692718326095519e-02 -1.019398081593723623e-02 -3.119650412113557369e-02
1.535000000000000000e+03 -4.764342892597804233e-03 -5.170101086037132837e-02 -1.015947132709439475e-02 -3.112771172826415966e-02
1.536000000000000000e+03 -4.815380213734797403e-03 -5.153930990061531686e-02 -1.012567502974890017e-02 -3.106057307713564614e-02
1.537000000000000000e+03 -4.862912800142446708e-03 -5.137974811243834622e-02 -1.009223764693567907e-02 -3.099368758508353264e-02
1.538000000000000000e+03 -4.906850035102200587e-03 -5.122066179830259830e-02 -1.005767248857841398e-02 -3.092788629905980635e-02
1.539000000000000000e+03 -4.947312687672204487e-03 -5.106334509680024447e-02 -1.002478206916930167e-02 -3.086075600850123057e-02
1.540000000000000000e+03 -4.985067335441045744e-03 -5.090900745493931456e-02 -9.992924706964358833e-03 -3.079421139311503200e-02
1.541000000000000000e+03 -5.019897829028863515e-03 -5.075639004367409057e-02 -9.961150053911165675e-03 -3.072908816703008236e-02
1.542000000000000000e+03 -5.051189039992561546e-03 -5.060420777444171736e-02 -9.930266666273173878e-03 -3.066482664954621809e-02
1.543000000000000000e+03 -5.077947283136372177e-03 -5.045342148862713705e-02 -9.899499990336325939e-03 -3.060260842995643493e-02
1.544000000000000000e+03 -5.101934097490758331e-03 -5.030430019368344052e-02 -9.867859832526228170e-03 -3.053898557505774561e-02
1.545000000000000000e+03 -5.122527998877500661e-03 -5.015655736342031906e-02 -9.837482397184970501e-03 -3.047193686004722596e-02
1.546000000000000000e+03 -5.140338458683146525e-03 -5.001005295151400576e-02 -9.806598813480884788e-03 -3.040783034996683010e-02
1.547000000000000000e+03 -5.154306280216379606e-03 -4.986264147881851183e-02 -9.777411032416763459e-03 -3.034737031886720893e-02
1.548000000000000000e+03 -5.163182941877924280e-03 -4.971569457433942102e-02 -9.748109975807267916e-03 -3.028703362337208105e-02
1.549000000000000000e+03 -5.168349205615429230e-03 -4.957039685944145124e-02 -9.718623859724951838e-03 -3.022303869793612624e-02
1.550000000000000000e+03 -5.169224137096924132e-03 -4.942499999995778048e-02 -9.687999999991411815e-03 -3.015899999998167963e-02
